29658 [ForkJoinPool-1-worker-2] ERROR com.kodedu.helper.IOHelper - Problem occured while reading file /home/alexander/Саша/5 1 КУРС  магистратура/Т1 ПРЕДМЕТЫ/Современные технологии пром разработки ПО/Лр2/Отчёт по Лр2/Беляев А ИВМ-22 Лр1 Отчёт.adoc
java.lang.RuntimeException: Charset not detected, can't open this file 
	at com.kodedu.helper.IOHelper.detectCharset(IOHelper.java:119)
	at com.kodedu.helper.IOHelper.readFile(IOHelper.java:85)
	at com.kodedu.component.EditorPane.lambda$afterEditorLoaded$1(EditorPane.java:134)
	at com.kodedu.service.ThreadService$1.call(ThreadService.java:48)
	at javafx.graphics/javafx.concurrent.Task$TaskCallable.call(Task.java:1426)
	at java.base/java.util.concurrent.FutureTask.run(FutureTask.java:264)
	at java.base/java.util.concurrent.ForkJoinTask$AdaptedRunnableAction.exec(ForkJoinTask.java:1375)
	at java.base/java.util.concurrent.ForkJoinTask.doExec(ForkJoinTask.java:373)
	at java.base/java.util.concurrent.ForkJoinPool$WorkQueue.topLevelExec(ForkJoinPool.java:1182)
	at java.base/java.util.concurrent.ForkJoinPool.scan(ForkJoinPool.java:1655)
	at java.base/java.util.concurrent.ForkJoinPool.runWorker(ForkJoinPool.java:1622)
	at java.base/java.util.concurrent.ForkJoinWorkerThread.run(ForkJoinWorkerThread.java:165)
50766 [ForkJoinPool-1-worker-7] ERROR com.kodedu.helper.IOHelper - Problem occured while reading file /home/alexander/Саша/5 1 КУРС  магистратура/Т1 ПРЕДМЕТЫ/Современные технологии пром разработки ПО/Лр2/Отчёт по Лр2/Беляев А ИВМ-22 Лр1 Отчёт.adoc
java.lang.RuntimeException: Charset not detected, can't open this file 
	at com.kodedu.helper.IOHelper.detectCharset(IOHelper.java:119)
	at com.kodedu.helper.IOHelper.readFile(IOHelper.java:85)
	at com.kodedu.component.EditorPane.lambda$afterEditorLoaded$1(EditorPane.java:134)
	at com.kodedu.service.ThreadService$1.call(ThreadService.java:48)
	at javafx.graphics/javafx.concurrent.Task$TaskCallable.call(Task.java:1426)
	at java.base/java.util.concurrent.FutureTask.run(FutureTask.java:264)
	at java.base/java.util.concurrent.ForkJoinTask$AdaptedRunnableAction.exec(ForkJoinTask.java:1375)
	at java.base/java.util.concurrent.ForkJoinTask.doExec(ForkJoinTask.java:373)
	at java.base/java.util.concurrent.ForkJoinPool$WorkQueue.topLevelExec(ForkJoinPool.java:1182)
	at java.base/java.util.concurrent.ForkJoinPool.scan(ForkJoinPool.java:1655)
	at java.base/java.util.concurrent.ForkJoinPool.runWorker(ForkJoinPool.java:1622)
	at java.base/java.util.concurrent.ForkJoinWorkerThread.run(ForkJoinWorkerThread.java:165)
60536 [ForkJoinPool-1-worker-7] ERROR com.kodedu.helper.IOHelper - Problem occured while reading file /home/alexander/Саша/5 1 КУРС  магистратура/Т1 ПРЕДМЕТЫ/Современные технологии пром разработки ПО/Лр2/Отчёт по Лр2/Беляев А ИВМ-22 Лр1 Отчёт.adoc
java.lang.RuntimeException: Charset not detected, can't open this file 
	at com.kodedu.helper.IOHelper.detectCharset(IOHelper.java:119)
	at com.kodedu.helper.IOHelper.readFile(IOHelper.java:85)
	at com.kodedu.component.EditorPane.lambda$afterEditorLoaded$1(EditorPane.java:134)
	at com.kodedu.service.ThreadService$1.call(ThreadService.java:48)
	at javafx.graphics/javafx.concurrent.Task$TaskCallable.call(Task.java:1426)
	at java.base/java.util.concurrent.FutureTask.run(FutureTask.java:264)
	at java.base/java.util.concurrent.ForkJoinTask$AdaptedRunnableAction.exec(ForkJoinTask.java:1375)
	at java.base/java.util.concurrent.ForkJoinTask.doExec(ForkJoinTask.java:373)
	at java.base/java.util.concurrent.ForkJoinPool$WorkQueue.topLevelExec(ForkJoinPool.java:1182)
	at java.base/java.util.concurrent.ForkJoinPool.scan(ForkJoinPool.java:1655)
	at java.base/java.util.concurrent.ForkJoinPool.runWorker(ForkJoinPool.java:1622)
	at java.base/java.util.concurrent.ForkJoinWorkerThread.run(ForkJoinWorkerThread.java:165)
104034 [ForkJoinPool-1-worker-14] ERROR com.kodedu.helper.IOHelper - Problem occured while reading file /home/alexander/Саша/5 1 КУРС  магистратура/Т1 ПРЕДМЕТЫ/Современные технологии пром разработки ПО/Лр2/Отчёт по Лр2/Беляев А ИВМ-22 Лр1 Отчёт.adoc
java.lang.RuntimeException: Charset not detected, can't open this file 
	at com.kodedu.helper.IOHelper.detectCharset(IOHelper.java:119)
	at com.kodedu.helper.IOHelper.readFile(IOHelper.java:85)
	at com.kodedu.component.EditorPane.lambda$afterEditorLoaded$1(EditorPane.java:134)
	at com.kodedu.service.ThreadService$1.call(ThreadService.java:48)
	at javafx.graphics/javafx.concurrent.Task$TaskCallable.call(Task.java:1426)
	at java.base/java.util.concurrent.FutureTask.run(FutureTask.java:264)
	at java.base/java.util.concurrent.ForkJoinTask$AdaptedRunnableAction.exec(ForkJoinTask.java:1375)
	at java.base/java.util.concurrent.ForkJoinTask.doExec(ForkJoinTask.java:373)
	at java.base/java.util.concurrent.ForkJoinPool$WorkQueue.topLevelExec(ForkJoinPool.java:1182)
	at java.base/java.util.concurrent.ForkJoinPool.scan(ForkJoinPool.java:1655)
	at java.base/java.util.concurrent.ForkJoinPool.runWorker(ForkJoinPool.java:1622)
	at java.base/java.util.concurrent.ForkJoinWorkerThread.run(ForkJoinWorkerThread.java:165)
109577 [ForkJoinPool-1-worker-14] ERROR com.kodedu.helper.IOHelper - Problem occured while reading file /home/alexander/Саша/5 1 КУРС  магистратура/Т1 ПРЕДМЕТЫ/Современные технологии пром разработки ПО/Лр2/Отчёт по Лр2/Беляев А ИВМ-22 Лр1 Отчёт.adoc
java.lang.RuntimeException: Charset not detected, can't open this file 
	at com.kodedu.helper.IOHelper.detectCharset(IOHelper.java:119)
	at com.kodedu.helper.IOHelper.readFile(IOHelper.java:85)
	at com.kodedu.component.EditorPane.lambda$afterEditorLoaded$1(EditorPane.java:134)
	at com.kodedu.service.ThreadService$1.call(ThreadService.java:48)
	at javafx.graphics/javafx.concurrent.Task$TaskCallable.call(Task.java:1426)
	at java.base/java.util.concurrent.FutureTask.run(FutureTask.java:264)
	at java.base/java.util.concurrent.ForkJoinTask$AdaptedRunnableAction.exec(ForkJoinTask.java:1375)
	at java.base/java.util.concurrent.ForkJoinTask.doExec(ForkJoinTask.java:373)
	at java.base/java.util.concurrent.ForkJoinPool$WorkQueue.topLevelExec(ForkJoinPool.java:1182)
	at java.base/java.util.concurrent.ForkJoinPool.scan(ForkJoinPool.java:1655)
	at java.base/java.util.concurrent.ForkJoinPool.runWorker(ForkJoinPool.java:1622)
	at java.base/java.util.concurrent.ForkJoinWorkerThread.run(ForkJoinWorkerThread.java:165)
134405 [ForkJoinPool-1-worker-14] ERROR com.kodedu.helper.IOHelper - Problem occured while reading file /home/alexander/Саша/5 1 КУРС  магистратура/Т1 ПРЕДМЕТЫ/Современные технологии пром разработки ПО/Лр2/Отчёт по Лр2/Беляев А ИВМ-22 Лр1 Отчёт.adoc
java.lang.RuntimeException: Charset not detected, can't open this file 
	at com.kodedu.helper.IOHelper.detectCharset(IOHelper.java:119)
	at com.kodedu.helper.IOHelper.readFile(IOHelper.java:85)
	at com.kodedu.component.EditorPane.lambda$afterEditorLoaded$1(EditorPane.java:134)
	at com.kodedu.service.ThreadService$1.call(ThreadService.java:48)
	at javafx.graphics/javafx.concurrent.Task$TaskCallable.call(Task.java:1426)
	at java.base/java.util.concurrent.FutureTask.run(FutureTask.java:264)
	at java.base/java.util.concurrent.ForkJoinTask$AdaptedRunnableAction.exec(ForkJoinTask.java:1375)
	at java.base/java.util.concurrent.ForkJoinTask.doExec(ForkJoinTask.java:373)
	at java.base/java.util.concurrent.ForkJoinPool$WorkQueue.topLevelExec(ForkJoinPool.java:1182)
	at java.base/java.util.concurrent.ForkJoinPool.scan(ForkJoinPool.java:1655)
	at java.base/java.util.concurrent.ForkJoinPool.runWorker(ForkJoinPool.java:1622)
	at java.base/java.util.concurrent.ForkJoinWorkerThread.run(ForkJoinWorkerThread.java:165)
135367 [ForkJoinPool-1-worker-16] ERROR com.kodedu.helper.IOHelper - Problem occured while reading file /home/alexander/Саша/5 1 КУРС  магистратура/Т1 ПРЕДМЕТЫ/Современные технологии пром разработки ПО/Лр2/Отчёт по Лр2/Беляев А ИВМ-22 Лр1 Отчёт.adoc
java.lang.RuntimeException: Charset not detected, can't open this file 
	at com.kodedu.helper.IOHelper.detectCharset(IOHelper.java:119)
	at com.kodedu.helper.IOHelper.readFile(IOHelper.java:85)
	at com.kodedu.component.EditorPane.lambda$afterEditorLoaded$1(EditorPane.java:134)
	at com.kodedu.service.ThreadService$1.call(ThreadService.java:48)
	at javafx.graphics/javafx.concurrent.Task$TaskCallable.call(Task.java:1426)
	at java.base/java.util.concurrent.FutureTask.run(FutureTask.java:264)
	at java.base/java.util.concurrent.ForkJoinTask$AdaptedRunnableAction.exec(ForkJoinTask.java:1375)
	at java.base/java.util.concurrent.ForkJoinTask.doExec(ForkJoinTask.java:373)
	at java.base/java.util.concurrent.ForkJoinPool$WorkQueue.topLevelExec(ForkJoinPool.java:1182)
	at java.base/java.util.concurrent.ForkJoinPool.scan(ForkJoinPool.java:1655)
	at java.base/java.util.concurrent.ForkJoinPool.runWorker(ForkJoinPool.java:1622)
	at java.base/java.util.concurrent.ForkJoinWorkerThread.run(ForkJoinWorkerThread.java:165)
135841 [ForkJoinPool-1-worker-14] ERROR com.kodedu.helper.IOHelper - Problem occured while reading file /home/alexander/Саша/5 1 КУРС  магистратура/Т1 ПРЕДМЕТЫ/Современные технологии пром разработки ПО/Лр2/Отчёт по Лр2/Беляев А ИВМ-22 Лр1 Отчёт.adoc
java.lang.RuntimeException: Charset not detected, can't open this file 
	at com.kodedu.helper.IOHelper.detectCharset(IOHelper.java:119)
	at com.kodedu.helper.IOHelper.readFile(IOHelper.java:85)
	at com.kodedu.component.EditorPane.lambda$afterEditorLoaded$1(EditorPane.java:134)
	at com.kodedu.service.ThreadService$1.call(ThreadService.java:48)
	at javafx.graphics/javafx.concurrent.Task$TaskCallable.call(Task.java:1426)
	at java.base/java.util.concurrent.FutureTask.run(FutureTask.java:264)
	at java.base/java.util.concurrent.ForkJoinTask$AdaptedRunnableAction.exec(ForkJoinTask.java:1375)
	at java.base/java.util.concurrent.ForkJoinTask.doExec(ForkJoinTask.java:373)
	at java.base/java.util.concurrent.ForkJoinPool$WorkQueue.topLevelExec(ForkJoinPool.java:1182)
	at java.base/java.util.concurrent.ForkJoinPool.scan(ForkJoinPool.java:1655)
	at java.base/java.util.concurrent.ForkJoinPool.runWorker(ForkJoinPool.java:1622)
	at java.base/java.util.concurrent.ForkJoinWorkerThread.run(ForkJoinWorkerThread.java:165)
136050 [ForkJoinPool-1-worker-16] ERROR com.kodedu.helper.IOHelper - Problem occured while reading file /home/alexander/Саша/5 1 КУРС  магистратура/Т1 ПРЕДМЕТЫ/Современные технологии пром разработки ПО/Лр2/Отчёт по Лр2/Беляев А ИВМ-22 Лр1 Отчёт.adoc
java.lang.RuntimeException: Charset not detected, can't open this file 
	at com.kodedu.helper.IOHelper.detectCharset(IOHelper.java:119)
	at com.kodedu.helper.IOHelper.readFile(IOHelper.java:85)
	at com.kodedu.component.EditorPane.lambda$afterEditorLoaded$1(EditorPane.java:134)
	at com.kodedu.service.ThreadService$1.call(ThreadService.java:48)
	at javafx.graphics/javafx.concurrent.Task$TaskCallable.call(Task.java:1426)
	at java.base/java.util.concurrent.FutureTask.run(FutureTask.java:264)
	at java.base/java.util.concurrent.ForkJoinTask$AdaptedRunnableAction.exec(ForkJoinTask.java:1375)
	at java.base/java.util.concurrent.ForkJoinTask.doExec(ForkJoinTask.java:373)
	at java.base/java.util.concurrent.ForkJoinPool$WorkQueue.topLevelExec(ForkJoinPool.java:1182)
	at java.base/java.util.concurrent.ForkJoinPool.scan(ForkJoinPool.java:1655)
	at java.base/java.util.concurrent.ForkJoinPool.runWorker(ForkJoinPool.java:1622)
	at java.base/java.util.concurrent.ForkJoinWorkerThread.run(ForkJoinWorkerThread.java:165)
136393 [ForkJoinPool-1-worker-16] ERROR com.kodedu.helper.IOHelper - Problem occured while reading file /home/alexander/Саша/5 1 КУРС  магистратура/Т1 ПРЕДМЕТЫ/Современные технологии пром разработки ПО/Лр2/Отчёт по Лр2/Беляев А ИВМ-22 Лр1 Отчёт.adoc
java.lang.RuntimeException: Charset not detected, can't open this file 
	at com.kodedu.helper.IOHelper.detectCharset(IOHelper.java:119)
	at com.kodedu.helper.IOHelper.readFile(IOHelper.java:85)
	at com.kodedu.component.EditorPane.lambda$afterEditorLoaded$1(EditorPane.java:134)
	at com.kodedu.service.ThreadService$1.call(ThreadService.java:48)
	at javafx.graphics/javafx.concurrent.Task$TaskCallable.call(Task.java:1426)
	at java.base/java.util.concurrent.FutureTask.run(FutureTask.java:264)
	at java.base/java.util.concurrent.ForkJoinTask$AdaptedRunnableAction.exec(ForkJoinTask.java:1375)
	at java.base/java.util.concurrent.ForkJoinTask.doExec(ForkJoinTask.java:373)
	at java.base/java.util.concurrent.ForkJoinPool$WorkQueue.topLevelExec(ForkJoinPool.java:1182)
	at java.base/java.util.concurrent.ForkJoinPool.scan(ForkJoinPool.java:1655)
	at java.base/java.util.concurrent.ForkJoinPool.runWorker(ForkJoinPool.java:1622)
	at java.base/java.util.concurrent.ForkJoinWorkerThread.run(ForkJoinWorkerThread.java:165)
136638 [ForkJoinPool-1-worker-16] ERROR com.kodedu.helper.IOHelper - Problem occured while reading file /home/alexander/Саша/5 1 КУРС  магистратура/Т1 ПРЕДМЕТЫ/Современные технологии пром разработки ПО/Лр2/Отчёт по Лр2/Беляев А ИВМ-22 Лр1 Отчёт.adoc
java.lang.RuntimeException: Charset not detected, can't open this file 
	at com.kodedu.helper.IOHelper.detectCharset(IOHelper.java:119)
	at com.kodedu.helper.IOHelper.readFile(IOHelper.java:85)
	at com.kodedu.component.EditorPane.lambda$afterEditorLoaded$1(EditorPane.java:134)
	at com.kodedu.service.ThreadService$1.call(ThreadService.java:48)
	at javafx.graphics/javafx.concurrent.Task$TaskCallable.call(Task.java:1426)
	at java.base/java.util.concurrent.FutureTask.run(FutureTask.java:264)
	at java.base/java.util.concurrent.ForkJoinTask$AdaptedRunnableAction.exec(ForkJoinTask.java:1375)
	at java.base/java.util.concurrent.ForkJoinTask.doExec(ForkJoinTask.java:373)
	at java.base/java.util.concurrent.ForkJoinPool$WorkQueue.topLevelExec(ForkJoinPool.java:1182)
	at java.base/java.util.concurrent.ForkJoinPool.scan(ForkJoinPool.java:1655)
	at java.base/java.util.concurrent.ForkJoinPool.runWorker(ForkJoinPool.java:1622)
	at java.base/java.util.concurrent.ForkJoinWorkerThread.run(ForkJoinWorkerThread.java:165)
4556 [ForkJoinPool-1-worker-5] ERROR com.kodedu.helper.IOHelper - Problem occured while reading file /home/alexander/Рабочий стол/Саша/5 1 КУРС  магистратура/Т1 ПРЕДМЕТЫ/Современные технологии пром разработки ПО/Лр2/Отчёт по Лр2/Беляев А ИВМ-22 Лр1 Отчёт.adoc
java.lang.RuntimeException: Charset not detected, can't open this file 
	at com.kodedu.helper.IOHelper.detectCharset(IOHelper.java:119)
	at com.kodedu.helper.IOHelper.readFile(IOHelper.java:85)
	at com.kodedu.component.EditorPane.lambda$afterEditorLoaded$1(EditorPane.java:134)
	at com.kodedu.service.ThreadService$1.call(ThreadService.java:48)
	at javafx.graphics/javafx.concurrent.Task$TaskCallable.call(Task.java:1426)
	at java.base/java.util.concurrent.FutureTask.run(FutureTask.java:264)
	at java.base/java.util.concurrent.ForkJoinTask$AdaptedRunnableAction.exec(ForkJoinTask.java:1375)
	at java.base/java.util.concurrent.ForkJoinTask.doExec(ForkJoinTask.java:373)
	at java.base/java.util.concurrent.ForkJoinPool$WorkQueue.topLevelExec(ForkJoinPool.java:1182)
	at java.base/java.util.concurrent.ForkJoinPool.scan(ForkJoinPool.java:1655)
	at java.base/java.util.concurrent.ForkJoinPool.runWorker(ForkJoinPool.java:1622)
	at java.base/java.util.concurrent.ForkJoinWorkerThread.run(ForkJoinWorkerThread.java:165)
46725 [ForkJoinPool-1-worker-5] ERROR com.kodedu.helper.IOHelper - Problem occured while reading file /home/alexander/Рабочий стол/Саша/5 1 КУРС  магистратура/Т1 ПРЕДМЕТЫ/Современные технологии пром разработки ПО/Лр2/Отчёт по Лр2/Беляев А ИВМ-22 Лр1 Отчёт.adoc
java.lang.RuntimeException: Charset not detected, can't open this file 
	at com.kodedu.helper.IOHelper.detectCharset(IOHelper.java:119)
	at com.kodedu.helper.IOHelper.readFile(IOHelper.java:85)
	at com.kodedu.component.EditorPane.lambda$afterEditorLoaded$1(EditorPane.java:134)
	at com.kodedu.service.ThreadService$1.call(ThreadService.java:48)
	at javafx.graphics/javafx.concurrent.Task$TaskCallable.call(Task.java:1426)
	at java.base/java.util.concurrent.FutureTask.run(FutureTask.java:264)
	at java.base/java.util.concurrent.ForkJoinTask$AdaptedRunnableAction.exec(ForkJoinTask.java:1375)
	at java.base/java.util.concurrent.ForkJoinTask.doExec(ForkJoinTask.java:373)
	at java.base/java.util.concurrent.ForkJoinPool$WorkQueue.topLevelExec(ForkJoinPool.java:1182)
	at java.base/java.util.concurrent.ForkJoinPool.scan(ForkJoinPool.java:1655)
	at java.base/java.util.concurrent.ForkJoinPool.runWorker(ForkJoinPool.java:1622)
	at java.base/java.util.concurrent.ForkJoinWorkerThread.run(ForkJoinWorkerThread.java:165)
112632 [ForkJoinPool-1-worker-7] ERROR com.kodedu.helper.IOHelper - Problem occured while reading file /home/alexander/Саша/5 1 КУРС  магистратура/Т1 ПРЕДМЕТЫ/Современные технологии пром разработки ПО/Лр2/Отчёт по Лр2/Беляев А ИВМ-22 Лр1 Отчёт.adoc
java.lang.RuntimeException: Charset not detected, can't open this file 
	at com.kodedu.helper.IOHelper.detectCharset(IOHelper.java:119)
	at com.kodedu.helper.IOHelper.readFile(IOHelper.java:85)
	at com.kodedu.component.EditorPane.lambda$afterEditorLoaded$1(EditorPane.java:134)
	at com.kodedu.service.ThreadService$1.call(ThreadService.java:48)
	at javafx.graphics/javafx.concurrent.Task$TaskCallable.call(Task.java:1426)
	at java.base/java.util.concurrent.FutureTask.run(FutureTask.java:264)
	at java.base/java.util.concurrent.ForkJoinTask$AdaptedRunnableAction.exec(ForkJoinTask.java:1375)
	at java.base/java.util.concurrent.ForkJoinTask.doExec(ForkJoinTask.java:373)
	at java.base/java.util.concurrent.ForkJoinPool$WorkQueue.topLevelExec(ForkJoinPool.java:1182)
	at java.base/java.util.concurrent.ForkJoinPool.scan(ForkJoinPool.java:1655)
	at java.base/java.util.concurrent.ForkJoinPool.runWorker(ForkJoinPool.java:1622)
	at java.base/java.util.concurrent.ForkJoinWorkerThread.run(ForkJoinWorkerThread.java:165)
1031042 [Thread-1423] ERROR com.kodedu.boot.AppStarter - java.nio.file.AccessDeniedException: /home/lost+found
java.io.UncheckedIOException: java.nio.file.AccessDeniedException: /home/lost+found
	at java.base/java.nio.file.FileTreeIterator.fetchNextIfNeeded(FileTreeIterator.java:87)
	at java.base/java.nio.file.FileTreeIterator.hasNext(FileTreeIterator.java:103)
	at java.base/java.util.Iterator.forEachRemaining(Iterator.java:132)
	at java.base/java.util.Spliterators$IteratorSpliterator.forEachRemaining(Spliterators.java:1845)
	at java.base/java.util.stream.AbstractPipeline.copyInto(AbstractPipeline.java:509)
	at java.base/java.util.stream.AbstractPipeline.wrapAndCopyInto(AbstractPipeline.java:499)
	at java.base/java.util.stream.ForEachOps$ForEachOp.evaluateSequential(ForEachOps.java:150)
	at java.base/java.util.stream.ForEachOps$ForEachOp$OfRef.evaluateSequential(ForEachOps.java:173)
	at java.base/java.util.stream.AbstractPipeline.evaluate(AbstractPipeline.java:234)
	at java.base/java.util.stream.ReferencePipeline.forEach(ReferencePipeline.java:596)
	at com.kodedu.service.PathMapper.lambda$addRootPath$2(PathMapper.java:84)
	at java.base/java.lang.Thread.run(Thread.java:833)
Caused by: java.nio.file.AccessDeniedException: /home/lost+found
	at java.base/sun.nio.fs.UnixException.translateToIOException(UnixException.java:90)
	at java.base/sun.nio.fs.UnixException.rethrowAsIOException(UnixException.java:106)
	at java.base/sun.nio.fs.UnixException.rethrowAsIOException(UnixException.java:111)
	at java.base/sun.nio.fs.UnixFileSystemProvider.newDirectoryStream(UnixFileSystemProvider.java:440)
	at java.base/java.nio.file.Files.newDirectoryStream(Files.java:482)
	at java.base/java.nio.file.FileTreeWalker.visit(FileTreeWalker.java:301)
	at java.base/java.nio.file.FileTreeWalker.next(FileTreeWalker.java:374)
	at java.base/java.nio.file.FileTreeIterator.fetchNextIfNeeded(FileTreeIterator.java:94)
	... 11 common frames omitted
3388 [Thread-7] ERROR com.kodedu.boot.AppStarter - java.nio.file.AccessDeniedException: /home/lost+found
java.io.UncheckedIOException: java.nio.file.AccessDeniedException: /home/lost+found
	at java.base/java.nio.file.FileTreeIterator.fetchNextIfNeeded(FileTreeIterator.java:87)
	at java.base/java.nio.file.FileTreeIterator.hasNext(FileTreeIterator.java:103)
	at java.base/java.util.Iterator.forEachRemaining(Iterator.java:132)
	at java.base/java.util.Spliterators$IteratorSpliterator.forEachRemaining(Spliterators.java:1845)
	at java.base/java.util.stream.AbstractPipeline.copyInto(AbstractPipeline.java:509)
	at java.base/java.util.stream.AbstractPipeline.wrapAndCopyInto(AbstractPipeline.java:499)
	at java.base/java.util.stream.ForEachOps$ForEachOp.evaluateSequential(ForEachOps.java:150)
	at java.base/java.util.stream.ForEachOps$ForEachOp$OfRef.evaluateSequential(ForEachOps.java:173)
	at java.base/java.util.stream.AbstractPipeline.evaluate(AbstractPipeline.java:234)
	at java.base/java.util.stream.ReferencePipeline.forEach(ReferencePipeline.java:596)
	at com.kodedu.service.PathMapper.lambda$addRootPath$2(PathMapper.java:84)
	at java.base/java.lang.Thread.run(Thread.java:833)
Caused by: java.nio.file.AccessDeniedException: /home/lost+found
	at java.base/sun.nio.fs.UnixException.translateToIOException(UnixException.java:90)
	at java.base/sun.nio.fs.UnixException.rethrowAsIOException(UnixException.java:106)
	at java.base/sun.nio.fs.UnixException.rethrowAsIOException(UnixException.java:111)
	at java.base/sun.nio.fs.UnixFileSystemProvider.newDirectoryStream(UnixFileSystemProvider.java:440)
	at java.base/java.nio.file.Files.newDirectoryStream(Files.java:482)
	at java.base/java.nio.file.FileTreeWalker.visit(FileTreeWalker.java:301)
	at java.base/java.nio.file.FileTreeWalker.next(FileTreeWalker.java:374)
	at java.base/java.nio.file.FileTreeIterator.fetchNextIfNeeded(FileTreeIterator.java:94)
	... 11 common frames omitted
5615 [ForkJoinPool-1-worker-5] ERROR c.k.s.dictionary.LanguageSpeller - null
java.nio.InvalidMarkException: null
	at java.base/java.nio.Buffer.reset(Buffer.java:422)
	at java.base/java.nio.ByteBuffer.reset(ByteBuffer.java:1555)
	at java.base/java.nio.ByteBuffer.reset(ByteBuffer.java:267)
	at morfologik.stemming.BufferUtils.toArray(BufferUtils.java:92)
	at morfologik.stemming.BufferUtils.charsToBytes(BufferUtils.java:168)
	at morfologik.speller.Speller.charSequenceToBytes(Speller.java:189)
	at morfologik.speller.Speller.isInDictionary(Speller.java:253)
	at morfologik.speller.Speller.findReplacementCandidates(Speller.java:423)
	at morfologik.speller.Speller.findReplacements(Speller.java:385)
	at com.kodedu.spell.dictionary.LanguageSpeller.findSuggestions(LanguageSpeller.java:70)
	at com.kodedu.spell.dictionary.DictionaryService.lambda$processTokens$2(DictionaryService.java:96)
	at java.base/java.util.stream.ReferencePipeline$15$1.accept(ReferencePipeline.java:540)
	at java.base/java.util.stream.ReferencePipeline$2$1.accept(ReferencePipeline.java:179)
	at java.base/java.util.stream.ReferencePipeline$2$1.accept(ReferencePipeline.java:179)
	at java.base/java.util.ArrayList$ArrayListSpliterator.forEachRemaining(ArrayList.java:1625)
	at java.base/java.util.stream.ReferencePipeline$Head.forEach(ReferencePipeline.java:762)
	at java.base/java.util.stream.ReferencePipeline$7$1.accept(ReferencePipeline.java:276)
	at java.base/java.util.ArrayList$ArrayListSpliterator.forEachRemaining(ArrayList.java:1625)
	at java.base/java.util.stream.AbstractPipeline.copyInto(AbstractPipeline.java:509)
	at java.base/java.util.stream.AbstractPipeline.wrapAndCopyInto(AbstractPipeline.java:499)
	at java.base/java.util.stream.ReduceOps$ReduceOp.evaluateSequential(ReduceOps.java:921)
	at java.base/java.util.stream.AbstractPipeline.evaluate(AbstractPipeline.java:234)
	at java.base/java.util.stream.ReferencePipeline.collect(ReferencePipeline.java:682)
	at com.kodedu.spell.dictionary.DictionaryService.processTokens(DictionaryService.java:103)
	at com.kodedu.controller.ApplicationController.lambda$processTokens$190(ApplicationController.java:2497)
	at com.kodedu.service.ThreadService$1.call(ThreadService.java:48)
	at javafx.graphics/javafx.concurrent.Task$TaskCallable.call(Task.java:1426)
	at java.base/java.util.concurrent.FutureTask.run(FutureTask.java:264)
	at java.base/java.util.concurrent.ForkJoinTask$AdaptedRunnableAction.exec(ForkJoinTask.java:1375)
	at java.base/java.util.concurrent.ForkJoinTask.doExec(ForkJoinTask.java:373)
	at java.base/java.util.concurrent.ForkJoinPool$WorkQueue.topLevelExec(ForkJoinPool.java:1182)
	at java.base/java.util.concurrent.ForkJoinPool.scan(ForkJoinPool.java:1655)
	at java.base/java.util.concurrent.ForkJoinPool.runWorker(ForkJoinPool.java:1622)
	at java.base/java.util.concurrent.ForkJoinWorkerThread.run(ForkJoinWorkerThread.java:165)
